########### array before sorts ###########
0	0.000000	-14.000000	-3.623467	-13.522962	n
1	-3.623467	-13.522962	-7.000000	-12.124356	n
2	-7.000000	-12.124356	-9.899495	-9.899495	n
3	-9.899495	-9.899495	-12.124356	-7.000000	n
4	-12.124356	-7.000000	-13.522962	-3.623467	n
5	-13.522962	-3.623467	-14.000000	0.000000	n
6	-14.000000	0.000000	-13.522962	3.623467	n
7	-13.522962	3.623467	-12.124356	7.000000	n
8	-12.124356	7.000000	-9.899495	9.899495	n
9	-9.899495	9.899495	-7.000000	12.124356	n
10	-7.000000	12.124356	-3.623467	13.522962	n
11	-3.623467	13.522962	0.000000	14.000000	n
12	0.000000	-14.000000	38.000000	-14.000000	n
13	38.000000	-14.000000	38.517638	-13.931852	n
14	38.517638	-13.931852	39.000000	-13.732051	n
15	39.000000	-13.732051	39.414214	-13.414214	n
16	39.414214	-13.414214	39.732051	-13.000000	n
17	39.732051	-13.000000	39.931852	-12.517638	n
18	39.931852	-12.517638	40.000000	-12.000000	n
19	40.000000	-12.000000	40.000000	12.000000	n
20	40.000000	12.000000	39.931852	12.517638	n
21	39.931852	12.517638	39.732051	13.000000	n
22	39.732051	13.000000	39.414214	13.414214	n
23	39.414214	13.414214	39.000000	13.732051	n
24	39.000000	13.732051	38.517638	13.931852	n
25	38.517638	13.931852	38.000000	14.000000	n
26	38.000000	14.000000	0.000000	14.000000	n
Tolerance=0.050000.
*Exact match for i=0 and j=1.
*i point 0.000000	-14.000000	-3.623467	-13.522962	y
*Exact match for i=1 and j=2.
*i point -3.623467	-13.522962	-7.000000	-12.124356	y
*Exact match for i=2 and j=3.
*i point -7.000000	-12.124356	-9.899495	-9.899495	y
*Exact match for i=3 and j=4.
*i point -9.899495	-9.899495	-12.124356	-7.000000	y
*Exact match for i=4 and j=5.
*i point -12.124356	-7.000000	-13.522962	-3.623467	y
*Exact match for i=5 and j=6.
*i point -13.522962	-3.623467	-14.000000	0.000000	y
*Exact match for i=6 and j=7.
*i point -14.000000	0.000000	-13.522962	3.623467	y
*Exact match for i=7 and j=8.
*i point -13.522962	3.623467	-12.124356	7.000000	y
*Exact match for i=8 and j=9.
*i point -12.124356	7.000000	-9.899495	9.899495	y
*Exact match for i=9 and j=10.
*i point -9.899495	9.899495	-7.000000	12.124356	y
*Exact match for i=10 and j=11.
*i point -7.000000	12.124356	-3.623467	13.522962	y
*Exact match for i=11 and j=26.
*i point -3.623467	13.522962	0.000000	14.000000	y
	*Before flip 	38.000000	14.000000	0.000000	14.000000	y
	*After flip 	0.000000	14.000000	38.000000	14.000000	y
*Exact match for i=12 and j=25.
*i point 0.000000	14.000000	38.000000	14.000000	y
	*Before flip 	38.517638	13.931852	38.000000	14.000000	y
	*After flip 	38.000000	14.000000	38.517638	13.931852	y
*Exact match for i=13 and j=24.
*i point 38.000000	14.000000	38.517638	13.931852	y
	*Before flip 	39.000000	13.732051	38.517638	13.931852	y
	*After flip 	38.517638	13.931852	39.000000	13.732051	y
*Exact match for i=14 and j=23.
*i point 38.517638	13.931852	39.000000	13.732051	y
	*Before flip 	39.414214	13.414214	39.000000	13.732051	y
	*After flip 	39.000000	13.732051	39.414214	13.414214	y
*Exact match for i=15 and j=22.
*i point 39.000000	13.732051	39.414214	13.414214	y
	*Before flip 	39.732051	13.000000	39.414214	13.414214	y
	*After flip 	39.414214	13.414214	39.732051	13.000000	y
*Exact match for i=16 and j=21.
*i point 39.414214	13.414214	39.732051	13.000000	y
	*Before flip 	39.931852	12.517638	39.732051	13.000000	y
	*After flip 	39.732051	13.000000	39.931852	12.517638	y
*Exact match for i=17 and j=20.
*i point 39.732051	13.000000	39.931852	12.517638	y
	*Before flip 	40.000000	12.000000	39.931852	12.517638	y
	*After flip 	39.931852	12.517638	40.000000	12.000000	y
*Exact match for i=18 and j=19.
*i point 39.931852	12.517638	40.000000	12.000000	y
	*Before flip 	40.000000	-12.000000	40.000000	12.000000	y
	*After flip 	40.000000	12.000000	40.000000	-12.000000	y
*Exact match for i=19 and j=20.
*i point 40.000000	12.000000	40.000000	-12.000000	y
	*Before flip 	39.931852	-12.517638	40.000000	-12.000000	y
	*After flip 	40.000000	-12.000000	39.931852	-12.517638	y
*Exact match for i=20 and j=21.
*i point 40.000000	-12.000000	39.931852	-12.517638	y
	*Before flip 	39.732051	-13.000000	39.931852	-12.517638	y
	*After flip 	39.931852	-12.517638	39.732051	-13.000000	y
*Exact match for i=21 and j=22.
*i point 39.931852	-12.517638	39.732051	-13.000000	y
	*Before flip 	39.414214	-13.414214	39.732051	-13.000000	y
	*After flip 	39.732051	-13.000000	39.414214	-13.414214	y
*Exact match for i=22 and j=23.
*i point 39.732051	-13.000000	39.414214	-13.414214	y
	*Before flip 	39.000000	-13.732051	39.414214	-13.414214	y
	*After flip 	39.414214	-13.414214	39.000000	-13.732051	y
*Exact match for i=23 and j=24.
*i point 39.414214	-13.414214	39.000000	-13.732051	y
	*Before flip 	38.517638	-13.931852	39.000000	-13.732051	y
	*After flip 	39.000000	-13.732051	38.517638	-13.931852	y
*Exact match for i=24 and j=25.
*i point 39.000000	-13.732051	38.517638	-13.931852	y
	*Before flip 	38.000000	-14.000000	38.517638	-13.931852	y
	*After flip 	38.517638	-13.931852	38.000000	-14.000000	y
*Exact match for i=25 and j=26.
*i point 38.517638	-13.931852	38.000000	-14.000000	y
	*Before flip 	0.000000	-14.000000	38.000000	-14.000000	y
	*After flip 	38.000000	-14.000000	0.000000	-14.000000	y
########### array after sorts ###########
0	0.000000	-14.000000	-3.623467	-13.522962	y
1	-3.623467	-13.522962	-7.000000	-12.124356	y
2	-7.000000	-12.124356	-9.899495	-9.899495	y
3	-9.899495	-9.899495	-12.124356	-7.000000	y
4	-12.124356	-7.000000	-13.522962	-3.623467	y
5	-13.522962	-3.623467	-14.000000	0.000000	y
6	-14.000000	0.000000	-13.522962	3.623467	y
7	-13.522962	3.623467	-12.124356	7.000000	y
8	-12.124356	7.000000	-9.899495	9.899495	y
9	-9.899495	9.899495	-7.000000	12.124356	y
10	-7.000000	12.124356	-3.623467	13.522962	y
11	-3.623467	13.522962	0.000000	14.000000	y
12	0.000000	14.000000	38.000000	14.000000	y
13	38.000000	14.000000	38.517638	13.931852	y
14	38.517638	13.931852	39.000000	13.732051	y
15	39.000000	13.732051	39.414214	13.414214	y
16	39.414214	13.414214	39.732051	13.000000	y
17	39.732051	13.000000	39.931852	12.517638	y
18	39.931852	12.517638	40.000000	12.000000	y
19	40.000000	12.000000	40.000000	-12.000000	y
20	40.000000	-12.000000	39.931852	-12.517638	y
21	39.931852	-12.517638	39.732051	-13.000000	y
22	39.732051	-13.000000	39.414214	-13.414214	y
23	39.414214	-13.414214	39.000000	-13.732051	y
24	39.000000	-13.732051	38.517638	-13.931852	y
25	38.517638	-13.931852	38.000000	-14.000000	y
26	38.000000	-14.000000	0.000000	-14.000000	y
***************
.BOARD_OUTLINE UNOWNED
1.6
0     0.000000     -14.000000     0
0     -3.623467     -13.522962     0
0     -7.000000     -12.124356     0
0     -9.899495     -9.899495     0
0     -12.124356     -7.000000     0
0     -13.522962     -3.623467     0
0     -14.000000     0.000000     0
0     -13.522962     3.623467     0
0     -12.124356     7.000000     0
0     -9.899495     9.899495     0
0     -7.000000     12.124356     0
0     -3.623467     13.522962     0
0     0.000000     14.000000     0
0     38.000000     14.000000     0
0     38.517638     13.931852     0
0     39.000000     13.732051     0
0     39.414214     13.414214     0
0     39.732051     13.000000     0
0     39.931852     12.517638     0
0     40.000000     12.000000     0
0     40.000000     -12.000000     0
0     39.931852     -12.517638     0
0     39.732051     -13.000000     0
0     39.414214     -13.414214     0
0     39.000000     -13.732051     0
0     38.517638     -13.931852     0
0     38.000000     -14.000000     0
0     0.000000     -14.000000     0
